<?xml version="1.0" encoding="UTF-8"?>
<!-- Generated by org.testng.reporters.JUnitReportReporter -->
<testsuite hostname="031964" failures="0" tests="1" name="test.AddCustomerTest" time="6.974" errors="0" timestamp="2023-07-15T00:51:16 CDT" skipped="0">
  <testcase classname="test.AddCustomerTest" name="userShouldBeAbleToAddCustomer" time="6.974"/>
</testsuite> <!-- test.AddCustomerTest -->
