<?xml version="1.0" encoding="UTF-8"?>
<!-- Generated by org.testng.reporters.JUnitReportReporter -->
<testsuite hostname="031964" failures="0" tests="1" name="util.BrowserFactory" time="3.071" errors="0" timestamp="2023-07-12T13:03:16 CDT" skipped="0">
  <testcase classname="util.BrowserFactory" name="init" time="3.071"/>
</testsuite> <!-- util.BrowserFactory -->
