<?xml version="1.0" encoding="UTF-8"?>
<!-- Generated by org.testng.reporters.JUnitReportReporter -->
<testsuite hostname="031964" failures="0" tests="1" name="test.LoginTest" time="31.231" errors="0" timestamp="2023-07-13T21:35:46 CDT" skipped="0">
  <testcase classname="test.LoginTest" name="validUserShouldBeAbleToLogin" time="31.231"/>
</testsuite> <!-- test.LoginTest -->
